{"C:\\git\\pomodoro-vite\\src\\App.tsx": {"path":"C:\\git\\pomodoro-vite\\src\\App.tsx","all":true,"statementMap":{"0":{"start":{"line":1,"column":0},"end":{"line":1,"column":43}},"1":{"start":{"line":2,"column":0},"end":{"line":2,"column":39}},"3":{"start":{"line":4,"column":0},"end":{"line":4,"column":16}},"4":{"start":{"line":5,"column":0},"end":{"line":5,"column":10}},"5":{"start":{"line":6,"column":0},"end":{"line":6,"column":18}},"6":{"start":{"line":7,"column":0},"end":{"line":7,"column":35}},"7":{"start":{"line":8,"column":0},"end":{"line":8,"column":15}},"8":{"start":{"line":9,"column":0},"end":{"line":9,"column":19}},"10":{"start":{"line":11,"column":0},"end":{"line":11,"column":1}},"12":{"start":{"line":13,"column":0},"end":{"line":13,"column":32}},"18":{"start":{"line":19,"column":0},"end":{"line":19,"column":24}},"20":{"start":{"line":21,"column":0},"end":{"line":21,"column":49}},"23":{"start":{"line":24,"column":0},"end":{"line":24,"column":19}}},"s":{"0":0,"1":0,"3":0,"4":0,"5":0,"6":0,"7":0,"8":0,"10":0,"12":0,"18":0,"20":0,"23":0},"branchMap":{"0":{"type":"branch","line":1,"loc":{"start":{"line":1,"column":0},"end":{"line":24,"column":-274}},"locations":[{"start":{"line":1,"column":0},"end":{"line":24,"column":-274}}]}},"b":{"0":[0]},"fnMap":{"0":{"name":"(empty-report)","decl":{"start":{"line":1,"column":0},"end":{"line":24,"column":-274}},"loc":{"start":{"line":1,"column":0},"end":{"line":24,"column":-274}},"line":1}},"f":{"0":0}}
,"C:\\git\\pomodoro-vite\\src\\main.tsx": {"path":"C:\\git\\pomodoro-vite\\src\\main.tsx","all":true,"statementMap":{"0":{"start":{"line":1,"column":0},"end":{"line":1,"column":26}},"1":{"start":{"line":2,"column":0},"end":{"line":2,"column":40}},"2":{"start":{"line":3,"column":0},"end":{"line":3,"column":24}},"3":{"start":{"line":4,"column":0},"end":{"line":4,"column":50}},"4":{"start":{"line":5,"column":0},"end":{"line":5,"column":39}},"5":{"start":{"line":6,"column":0},"end":{"line":6,"column":21}},"7":{"start":{"line":8,"column":0},"end":{"line":8,"column":61}},"8":{"start":{"line":9,"column":0},"end":{"line":9,"column":20}},"9":{"start":{"line":10,"column":0},"end":{"line":10,"column":33}},"10":{"start":{"line":11,"column":0},"end":{"line":11,"column":13}},"11":{"start":{"line":12,"column":0},"end":{"line":12,"column":20}},"12":{"start":{"line":13,"column":0},"end":{"line":13,"column":21}},"13":{"start":{"line":14,"column":0},"end":{"line":14,"column":2}}},"s":{"0":0,"1":0,"2":0,"3":0,"4":0,"5":0,"7":0,"8":0,"9":0,"10":0,"11":0,"12":0,"13":0},"branchMap":{"0":{"type":"branch","line":1,"loc":{"start":{"line":1,"column":383},"end":{"line":14,"column":2}},"locations":[{"start":{"line":1,"column":383},"end":{"line":14,"column":2}}]}},"b":{"0":[0]},"fnMap":{"0":{"name":"(empty-report)","decl":{"start":{"line":1,"column":383},"end":{"line":14,"column":2}},"loc":{"start":{"line":1,"column":383},"end":{"line":14,"column":2}},"line":1}},"f":{"0":0}}
,"C:\\git\\pomodoro-vite\\src\\components\\Controls\\index.tsx": {"path":"C:\\git\\pomodoro-vite\\src\\components\\Controls\\index.tsx","all":false,"statementMap":{"0":{"start":{"line":1,"column":0},"end":{"line":1,"column":48}},"9":{"start":{"line":10,"column":0},"end":{"line":10,"column":85}},"10":{"start":{"line":11,"column":0},"end":{"line":11,"column":10}},"11":{"start":{"line":12,"column":0},"end":{"line":12,"column":23}},"12":{"start":{"line":13,"column":0},"end":{"line":13,"column":20}},"13":{"start":{"line":14,"column":0},"end":{"line":14,"column":43}},"15":{"start":{"line":16,"column":0},"end":{"line":16,"column":17}},"17":{"start":{"line":18,"column":0},"end":{"line":18,"column":34}},"19":{"start":{"line":20,"column":0},"end":{"line":20,"column":17}},"21":{"start":{"line":22,"column":0},"end":{"line":22,"column":32}},"23":{"start":{"line":24,"column":0},"end":{"line":24,"column":15}},"24":{"start":{"line":25,"column":0},"end":{"line":25,"column":24}},"26":{"start":{"line":27,"column":0},"end":{"line":27,"column":2}},"28":{"start":{"line":29,"column":0},"end":{"line":29,"column":37}},"32":{"start":{"line":33,"column":0},"end":{"line":33,"column":52}},"36":{"start":{"line":37,"column":0},"end":{"line":37,"column":53}},"42":{"start":{"line":43,"column":0},"end":{"line":43,"column":31}},"43":{"start":{"line":44,"column":0},"end":{"line":44,"column":80}}},"s":{"0":1,"9":1,"10":4,"11":4,"12":4,"13":3,"15":3,"17":1,"19":1,"21":4,"23":4,"24":4,"26":4,"28":1,"32":1,"36":1,"42":1,"43":1},"branchMap":{"0":{"type":"branch","line":10,"loc":{"start":{"line":10,"column":24},"end":{"line":27,"column":2}},"locations":[{"start":{"line":10,"column":24},"end":{"line":27,"column":2}}]},"1":{"type":"branch","line":13,"loc":{"start":{"line":13,"column":8},"end":{"line":16,"column":17}},"locations":[{"start":{"line":13,"column":8},"end":{"line":16,"column":17}}]},"2":{"type":"branch","line":16,"loc":{"start":{"line":16,"column":8},"end":{"line":20,"column":17}},"locations":[{"start":{"line":16,"column":8},"end":{"line":20,"column":17}}]},"3":{"type":"branch","line":33,"loc":{"start":{"line":33,"column":16},"end":{"line":33,"column":50}},"locations":[{"start":{"line":33,"column":16},"end":{"line":33,"column":50}}]},"4":{"type":"branch","line":43,"loc":{"start":{"line":43,"column":22},"end":{"line":44,"column":78}},"locations":[{"start":{"line":43,"column":22},"end":{"line":44,"column":78}}]},"5":{"type":"branch","line":44,"loc":{"start":{"line":44,"column":10},"end":{"line":44,"column":50}},"locations":[{"start":{"line":44,"column":10},"end":{"line":44,"column":50}}]},"6":{"type":"branch","line":44,"loc":{"start":{"line":44,"column":40},"end":{"line":44,"column":78}},"locations":[{"start":{"line":44,"column":40},"end":{"line":44,"column":78}}]}},"b":{"0":[4],"1":[3],"2":[1],"3":[4],"4":[8],"5":[3],"6":[5]},"fnMap":{"0":{"name":"Controls","decl":{"start":{"line":10,"column":24},"end":{"line":27,"column":2}},"loc":{"start":{"line":10,"column":24},"end":{"line":27,"column":2}},"line":10}},"f":{"0":4}}
,"C:\\git\\pomodoro-vite\\src\\components\\Progress\\index.tsx": {"path":"C:\\git\\pomodoro-vite\\src\\components\\Progress\\index.tsx","all":false,"statementMap":{"0":{"start":{"line":1,"column":0},"end":{"line":1,"column":39}},"7":{"start":{"line":8,"column":0},"end":{"line":8,"column":81}},"8":{"start":{"line":9,"column":0},"end":{"line":9,"column":10}},"9":{"start":{"line":10,"column":0},"end":{"line":10,"column":23}},"10":{"start":{"line":11,"column":0},"end":{"line":11,"column":33}},"11":{"start":{"line":12,"column":0},"end":{"line":12,"column":22}},"12":{"start":{"line":13,"column":0},"end":{"line":13,"column":44}},"13":{"start":{"line":14,"column":0},"end":{"line":14,"column":21}},"14":{"start":{"line":15,"column":0},"end":{"line":15,"column":10}},"15":{"start":{"line":16,"column":0},"end":{"line":16,"column":22}},"16":{"start":{"line":17,"column":0},"end":{"line":17,"column":58}},"17":{"start":{"line":18,"column":0},"end":{"line":18,"column":24}},"19":{"start":{"line":20,"column":0},"end":{"line":20,"column":2}},"21":{"start":{"line":22,"column":0},"end":{"line":22,"column":37}},"22":{"start":{"line":23,"column":0},"end":{"line":23,"column":51}},"25":{"start":{"line":26,"column":0},"end":{"line":26,"column":51}},"27":{"start":{"line":28,"column":0},"end":{"line":28,"column":21}},"28":{"start":{"line":29,"column":0},"end":{"line":29,"column":37}},"29":{"start":{"line":30,"column":0},"end":{"line":30,"column":44}},"30":{"start":{"line":31,"column":0},"end":{"line":31,"column":4}},"31":{"start":{"line":32,"column":0},"end":{"line":32,"column":62}},"36":{"start":{"line":37,"column":0},"end":{"line":37,"column":50}},"38":{"start":{"line":39,"column":0},"end":{"line":39,"column":59}},"42":{"start":{"line":43,"column":0},"end":{"line":43,"column":32}},"45":{"start":{"line":46,"column":0},"end":{"line":46,"column":50}},"46":{"start":{"line":47,"column":0},"end":{"line":47,"column":52}}},"s":{"0":1,"7":1,"8":4,"9":4,"10":4,"11":4,"12":4,"13":4,"14":4,"15":4,"16":4,"17":4,"19":4,"21":1,"22":1,"25":1,"27":1,"28":4,"29":4,"30":1,"31":1,"36":1,"38":1,"42":1,"45":1,"46":1},"branchMap":{"0":{"type":"branch","line":8,"loc":{"start":{"line":8,"column":27},"end":{"line":20,"column":2}},"locations":[{"start":{"line":8,"column":27},"end":{"line":20,"column":2}}]},"1":{"type":"branch","line":23,"loc":{"start":{"line":23,"column":12},"end":{"line":23,"column":47}},"locations":[{"start":{"line":23,"column":12},"end":{"line":23,"column":47}}]},"2":{"type":"branch","line":28,"loc":{"start":{"line":28,"column":12},"end":{"line":30,"column":44}},"locations":[{"start":{"line":28,"column":12},"end":{"line":30,"column":44}}]},"3":{"type":"branch","line":29,"loc":{"start":{"line":29,"column":19},"end":{"line":29,"column":37}},"locations":[{"start":{"line":29,"column":19},"end":{"line":29,"column":37}}]},"4":{"type":"branch","line":30,"loc":{"start":{"line":30,"column":19},"end":{"line":30,"column":38}},"locations":[{"start":{"line":30,"column":19},"end":{"line":30,"column":38}}]},"5":{"type":"branch","line":32,"loc":{"start":{"line":32,"column":22},"end":{"line":32,"column":60}},"locations":[{"start":{"line":32,"column":22},"end":{"line":32,"column":60}}]},"6":{"type":"branch","line":39,"loc":{"start":{"line":39,"column":22},"end":{"line":39,"column":57}},"locations":[{"start":{"line":39,"column":22},"end":{"line":39,"column":57}}]},"7":{"type":"branch","line":46,"loc":{"start":{"line":46,"column":11},"end":{"line":46,"column":48}},"locations":[{"start":{"line":46,"column":11},"end":{"line":46,"column":48}}]},"8":{"type":"branch","line":47,"loc":{"start":{"line":47,"column":16},"end":{"line":47,"column":50}},"locations":[{"start":{"line":47,"column":16},"end":{"line":47,"column":50}}]}},"b":{"0":[4],"1":[4],"2":[4],"3":[0],"4":[0],"5":[4],"6":[4],"7":[4],"8":[4]},"fnMap":{"0":{"name":"ProgressBar","decl":{"start":{"line":8,"column":27},"end":{"line":20,"column":2}},"loc":{"start":{"line":8,"column":27},"end":{"line":20,"column":2}},"line":8}},"f":{"0":4}}
,"C:\\git\\pomodoro-vite\\src\\components\\Timer\\index.tsx": {"path":"C:\\git\\pomodoro-vite\\src\\components\\Timer\\index.tsx","all":false,"statementMap":{"0":{"start":{"line":1,"column":0},"end":{"line":1,"column":39}},"6":{"start":{"line":7,"column":0},"end":{"line":7,"column":28}},"7":{"start":{"line":8,"column":0},"end":{"line":8,"column":87}},"10":{"start":{"line":11,"column":0},"end":{"line":11,"column":58}},"12":{"start":{"line":13,"column":0},"end":{"line":13,"column":10}},"13":{"start":{"line":14,"column":0},"end":{"line":14,"column":20}},"14":{"start":{"line":15,"column":0},"end":{"line":15,"column":51}},"15":{"start":{"line":16,"column":0},"end":{"line":16,"column":55}},"16":{"start":{"line":17,"column":0},"end":{"line":17,"column":16}},"17":{"start":{"line":18,"column":0},"end":{"line":18,"column":27}},"18":{"start":{"line":19,"column":0},"end":{"line":19,"column":28}},"19":{"start":{"line":20,"column":0},"end":{"line":20,"column":28}},"20":{"start":{"line":21,"column":0},"end":{"line":21,"column":28}},"21":{"start":{"line":22,"column":0},"end":{"line":22,"column":8}},"22":{"start":{"line":23,"column":0},"end":{"line":23,"column":21}},"24":{"start":{"line":25,"column":0},"end":{"line":25,"column":2}},"26":{"start":{"line":27,"column":0},"end":{"line":27,"column":34}},"30":{"start":{"line":31,"column":0},"end":{"line":31,"column":50}},"33":{"start":{"line":34,"column":0},"end":{"line":34,"column":31}},"36":{"start":{"line":37,"column":0},"end":{"line":37,"column":45}},"37":{"start":{"line":38,"column":0},"end":{"line":38,"column":56}}},"s":{"0":1,"6":1,"7":4,"10":4,"12":4,"13":4,"14":4,"15":4,"16":4,"17":4,"18":4,"19":4,"20":4,"21":4,"22":4,"24":4,"26":1,"30":1,"33":1,"36":1,"37":1},"branchMap":{"0":{"type":"branch","line":7,"loc":{"start":{"line":7,"column":21},"end":{"line":25,"column":2}},"locations":[{"start":{"line":7,"column":21},"end":{"line":25,"column":2}}]},"1":{"type":"branch","line":31,"loc":{"start":{"line":31,"column":13},"end":{"line":31,"column":48}},"locations":[{"start":{"line":31,"column":13},"end":{"line":31,"column":48}}]},"2":{"type":"branch","line":37,"loc":{"start":{"line":37,"column":11},"end":{"line":37,"column":43}},"locations":[{"start":{"line":37,"column":11},"end":{"line":37,"column":43}}]},"3":{"type":"branch","line":38,"loc":{"start":{"line":38,"column":19},"end":{"line":38,"column":54}},"locations":[{"start":{"line":38,"column":19},"end":{"line":38,"column":54}}]}},"b":{"0":[4],"1":[4],"2":[4],"3":[4]},"fnMap":{"0":{"name":"Timer","decl":{"start":{"line":7,"column":21},"end":{"line":25,"column":2}},"loc":{"start":{"line":7,"column":21},"end":{"line":25,"column":2}},"line":7}},"f":{"0":4}}
,"C:\\git\\pomodoro-vite\\src\\hooks\\useTimer.ts": {"path":"C:\\git\\pomodoro-vite\\src\\hooks\\useTimer.ts","all":false,"statementMap":{"0":{"start":{"line":1,"column":0},"end":{"line":1,"column":57}},"2":{"start":{"line":3,"column":0},"end":{"line":3,"column":54}},"4":{"start":{"line":5,"column":0},"end":{"line":5,"column":31}},"5":{"start":{"line":6,"column":0},"end":{"line":6,"column":49}},"6":{"start":{"line":7,"column":0},"end":{"line":7,"column":50}},"8":{"start":{"line":9,"column":0},"end":{"line":9,"column":19}},"9":{"start":{"line":10,"column":0},"end":{"line":10,"column":25}},"11":{"start":{"line":12,"column":0},"end":{"line":12,"column":31}},"12":{"start":{"line":13,"column":0},"end":{"line":13,"column":43}},"13":{"start":{"line":14,"column":0},"end":{"line":14,"column":48}},"14":{"start":{"line":15,"column":0},"end":{"line":15,"column":15}},"15":{"start":{"line":16,"column":0},"end":{"line":16,"column":28}},"16":{"start":{"line":17,"column":0},"end":{"line":17,"column":25}},"17":{"start":{"line":18,"column":0},"end":{"line":18,"column":5}},"19":{"start":{"line":20,"column":0},"end":{"line":20,"column":18}},"20":{"start":{"line":21,"column":0},"end":{"line":21,"column":21}},"21":{"start":{"line":22,"column":0},"end":{"line":22,"column":32}},"22":{"start":{"line":23,"column":0},"end":{"line":23,"column":7}},"23":{"start":{"line":24,"column":0},"end":{"line":24,"column":6}},"24":{"start":{"line":25,"column":0},"end":{"line":25,"column":23}},"26":{"start":{"line":27,"column":0},"end":{"line":27,"column":40}},"27":{"start":{"line":28,"column":0},"end":{"line":28,"column":19}},"28":{"start":{"line":29,"column":0},"end":{"line":29,"column":24}},"29":{"start":{"line":30,"column":0},"end":{"line":30,"column":5}},"30":{"start":{"line":31,"column":0},"end":{"line":31,"column":13}},"32":{"start":{"line":33,"column":0},"end":{"line":33,"column":40}},"33":{"start":{"line":34,"column":0},"end":{"line":34,"column":23}},"34":{"start":{"line":35,"column":0},"end":{"line":35,"column":9}},"36":{"start":{"line":37,"column":0},"end":{"line":37,"column":40}},"37":{"start":{"line":38,"column":0},"end":{"line":38,"column":23}},"38":{"start":{"line":39,"column":0},"end":{"line":39,"column":26}},"39":{"start":{"line":40,"column":0},"end":{"line":40,"column":9}},"41":{"start":{"line":42,"column":0},"end":{"line":42,"column":10}},"42":{"start":{"line":43,"column":0},"end":{"line":43,"column":9}},"43":{"start":{"line":44,"column":0},"end":{"line":44,"column":13}},"44":{"start":{"line":45,"column":0},"end":{"line":45,"column":28}},"45":{"start":{"line":46,"column":0},"end":{"line":46,"column":15}},"46":{"start":{"line":47,"column":0},"end":{"line":47,"column":15}},"47":{"start":{"line":48,"column":0},"end":{"line":48,"column":14}},"48":{"start":{"line":49,"column":0},"end":{"line":49,"column":4}},"49":{"start":{"line":50,"column":0},"end":{"line":50,"column":2}}},"s":{"0":1,"2":1,"4":1,"5":9,"6":9,"8":9,"9":8,"11":8,"12":2,"13":0,"14":2,"15":8,"16":0,"17":0,"19":8,"20":8,"21":2,"22":2,"23":8,"24":9,"26":9,"27":3,"28":3,"29":3,"30":9,"32":9,"33":0,"34":9,"36":9,"37":1,"38":1,"39":9,"41":9,"42":9,"43":9,"44":9,"45":9,"46":9,"47":9,"48":9,"49":9},"branchMap":{"0":{"type":"branch","line":5,"loc":{"start":{"line":5,"column":24},"end":{"line":50,"column":2}},"locations":[{"start":{"line":5,"column":24},"end":{"line":50,"column":2}}]},"1":{"type":"branch","line":9,"loc":{"start":{"line":9,"column":12},"end":{"line":25,"column":5}},"locations":[{"start":{"line":9,"column":12},"end":{"line":25,"column":5}}]},"2":{"type":"branch","line":12,"loc":{"start":{"line":12,"column":8},"end":{"line":12,"column":30}},"locations":[{"start":{"line":12,"column":8},"end":{"line":12,"column":30}}]},"3":{"type":"branch","line":12,"loc":{"start":{"line":12,"column":30},"end":{"line":16,"column":15}},"locations":[{"start":{"line":12,"column":30},"end":{"line":16,"column":15}}]},"4":{"type":"branch","line":16,"loc":{"start":{"line":16,"column":4},"end":{"line":18,"column":5}},"locations":[{"start":{"line":16,"column":4},"end":{"line":18,"column":5}}]},"5":{"type":"branch","line":16,"loc":{"start":{"line":16,"column":27},"end":{"line":18,"column":5}},"locations":[{"start":{"line":16,"column":27},"end":{"line":18,"column":5}}]},"6":{"type":"branch","line":20,"loc":{"start":{"line":20,"column":11},"end":{"line":24,"column":6}},"locations":[{"start":{"line":20,"column":11},"end":{"line":24,"column":6}}]},"7":{"type":"branch","line":21,"loc":{"start":{"line":21,"column":20},"end":{"line":23,"column":7}},"locations":[{"start":{"line":21,"column":20},"end":{"line":23,"column":7}}]},"8":{"type":"branch","line":27,"loc":{"start":{"line":27,"column":33},"end":{"line":31,"column":5}},"locations":[{"start":{"line":27,"column":33},"end":{"line":31,"column":5}}]},"9":{"type":"branch","line":37,"loc":{"start":{"line":37,"column":33},"end":{"line":40,"column":5}},"locations":[{"start":{"line":37,"column":33},"end":{"line":40,"column":5}}]}},"b":{"0":[9],"1":[8],"2":[2],"3":[2],"4":[6],"5":[0],"6":[8],"7":[2],"8":[3],"9":[1]},"fnMap":{"0":{"name":"useTimer","decl":{"start":{"line":5,"column":24},"end":{"line":50,"column":2}},"loc":{"start":{"line":5,"column":24},"end":{"line":50,"column":2}},"line":5}},"f":{"0":9}}
,"C:\\git\\pomodoro-vite\\src\\styles\\theme.ts": {"path":"C:\\git\\pomodoro-vite\\src\\styles\\theme.ts","all":false,"statementMap":{"0":{"start":{"line":1,"column":0},"end":{"line":1,"column":22}},"1":{"start":{"line":2,"column":0},"end":{"line":2,"column":13}},"2":{"start":{"line":3,"column":0},"end":{"line":3,"column":25}},"3":{"start":{"line":4,"column":0},"end":{"line":4,"column":27}},"4":{"start":{"line":5,"column":0},"end":{"line":5,"column":28}},"5":{"start":{"line":6,"column":0},"end":{"line":6,"column":21}},"6":{"start":{"line":7,"column":0},"end":{"line":7,"column":6}},"7":{"start":{"line":8,"column":0},"end":{"line":8,"column":14}},"8":{"start":{"line":9,"column":0},"end":{"line":9,"column":19}},"9":{"start":{"line":10,"column":0},"end":{"line":10,"column":21}},"10":{"start":{"line":11,"column":0},"end":{"line":11,"column":19}},"11":{"start":{"line":12,"column":0},"end":{"line":12,"column":5}},"12":{"start":{"line":13,"column":0},"end":{"line":13,"column":4}}},"s":{"0":1,"1":1,"2":1,"3":1,"4":1,"5":1,"6":1,"7":1,"8":1,"9":1,"10":1,"11":1,"12":1},"branchMap":{},"b":{},"fnMap":{},"f":{}}
,"C:\\git\\pomodoro-vite\\src\\utils\\time.ts": {"path":"C:\\git\\pomodoro-vite\\src\\utils\\time.ts","all":false,"statementMap":{"0":{"start":{"line":1,"column":0},"end":{"line":1,"column":56}},"1":{"start":{"line":2,"column":0},"end":{"line":2,"column":45}},"2":{"start":{"line":3,"column":0},"end":{"line":3,"column":42}},"3":{"start":{"line":4,"column":0},"end":{"line":4,"column":94}},"4":{"start":{"line":5,"column":0},"end":{"line":5,"column":4}}},"s":{"0":1,"1":4,"2":4,"3":4,"4":4},"branchMap":{"0":{"type":"branch","line":1,"loc":{"start":{"line":1,"column":26},"end":{"line":5,"column":4}},"locations":[{"start":{"line":1,"column":26},"end":{"line":5,"column":4}}]}},"b":{"0":[4]},"fnMap":{"0":{"name":"formatTime","decl":{"start":{"line":1,"column":26},"end":{"line":5,"column":4}},"loc":{"start":{"line":1,"column":26},"end":{"line":5,"column":4}},"line":1}},"f":{"0":4}}
}
